<?xml version="1.0" encoding="UTF-8"?>
<testng-results ignored="0" total="5" passed="5" failed="0" skipped="0">
  <reporter-output>
  </reporter-output>
  <suite started-at="2024-06-30T02:29:35 BDT" name="Default suite" finished-at="2024-06-30T02:29:44 BDT" duration-ms="9272">
    <groups>
    </groups>
    <test started-at="2024-06-30T02:29:35 BDT" name="Default test" finished-at="2024-06-30T02:29:44 BDT" duration-ms="9272">
      <class name="TestNgForFormSubmissionCheck.TestNgForFormSubmissionCheck">
        <test-method is-config="true" signature="init()[pri:0, instance:TestNgForFormSubmissionCheck.TestNgForFormSubmissionCheck@312aa7c]" started-at="2024-06-30T02:29:35 BDT" name="init" finished-at="2024-06-30T02:29:37 BDT" duration-ms="2205" status="PASS">
          <reporter-output>
          </reporter-output>
        </test-method> <!-- init -->
        <test-method signature="fillUpFirstnLastName()[pri:1, instance:TestNgForFormSubmissionCheck.TestNgForFormSubmissionCheck@312aa7c]" started-at="2024-06-30T02:29:37 BDT" name="fillUpFirstnLastName" finished-at="2024-06-30T02:29:40 BDT" duration-ms="2219" status="PASS">
          <reporter-output>
          </reporter-output>
        </test-method> <!-- fillUpFirstnLastName -->
        <test-method signature="checkRadioButton()[pri:2, instance:TestNgForFormSubmissionCheck.TestNgForFormSubmissionCheck@312aa7c]" started-at="2024-06-30T02:29:40 BDT" name="checkRadioButton" finished-at="2024-06-30T02:29:41 BDT" duration-ms="1113" status="PASS">
          <reporter-output>
          </reporter-output>
        </test-method> <!-- checkRadioButton -->
        <test-method signature="checkDropDown()[pri:3, instance:TestNgForFormSubmissionCheck.TestNgForFormSubmissionCheck@312aa7c]" started-at="2024-06-30T02:29:41 BDT" name="checkDropDown" finished-at="2024-06-30T02:29:42 BDT" duration-ms="1284" status="PASS">
          <reporter-output>
          </reporter-output>
        </test-method> <!-- checkDropDown -->
        <test-method signature="checkMultipleOptions()[pri:4, instance:TestNgForFormSubmissionCheck.TestNgForFormSubmissionCheck@312aa7c]" started-at="2024-06-30T02:29:42 BDT" name="checkMultipleOptions" finished-at="2024-06-30T02:29:44 BDT" duration-ms="2154" status="PASS">
          <reporter-output>
          </reporter-output>
        </test-method> <!-- checkMultipleOptions -->
        <test-method signature="submitForm()[pri:5, instance:TestNgForFormSubmissionCheck.TestNgForFormSubmissionCheck@312aa7c]" started-at="2024-06-30T02:29:44 BDT" name="submitForm" finished-at="2024-06-30T02:29:44 BDT" duration-ms="224" status="PASS">
          <reporter-output>
          </reporter-output>
        </test-method> <!-- submitForm -->
      </class> <!-- TestNgForFormSubmissionCheck.TestNgForFormSubmissionCheck -->
    </test> <!-- Default test -->
  </suite> <!-- Default suite -->
</testng-results>
